<?xml version="1.0" encoding="UTF-8"?>
<testng-results skipped="0" failed="0" total="2" passed="2">
  <reporter-output>
    <line>
      <![CDATA[<a href='C:\Users\kandu\git\appium\appium\src\main\java\com\appium\successScreenshots\launchAppium_07_01_2020_07_09_45.png'> <img src='C:\Users\kandu\git\appium\appium\src\main\java\com\appium\successScreenshots\launchAppium_07_01_2020_07_09_45.png' height='100' width='100'/> </a>]]>
    </line>
    <line>
      <![CDATA[<a href='C:\Users\kandu\git\appium\appium\src\main\java\com\appium\screenshots\launchAppium_07_01_2020_07_09_48.png'> <img src='C:\Users\kandu\git\appium\appium\src\main\java\com\appium\screenshots\launchAppium_07_01_2020_07_09_48.png' height='100' width='100'/> </a>]]>
    </line>
    <line>
      <![CDATA[<a href='C:\Users\kandu\git\appium\appium\src\main\java\com\appium\successScreenshots\sampleOperation_07_01_2020_07_10_33.png'> <img src='C:\Users\kandu\git\appium\appium\src\main\java\com\appium\successScreenshots\sampleOperation_07_01_2020_07_10_33.png' height='100' width='100'/> </a>]]>
    </line>
    <line>
      <![CDATA[<a href='C:\Users\kandu\git\appium\appium\src\main\java\com\appium\screenshots\sampleOperation_07_01_2020_07_10_33.png'> <img src='C:\Users\kandu\git\appium\appium\src\main\java\com\appium\screenshots\sampleOperation_07_01_2020_07_10_33.png' height='100' width='100'/> </a>]]>
    </line>
  </reporter-output>
  <suite name="Suite" duration-ms="193656" started-at="2020-01-07T01:37:24Z" finished-at="2020-01-07T01:40:38Z">
    <groups>
    </groups>
    <test name="Test" duration-ms="193656" started-at="2020-01-07T01:37:24Z" finished-at="2020-01-07T01:40:38Z">
      <class name="com.appium.testscripts.TC001_HomePageTest">
        <test-method status="PASS" signature="killAllConnections()[pri:0, instance:com.appium.testscripts.TC001_HomePageTest@67205a84]" name="killAllConnections" is-config="true" duration-ms="4179" started-at="2020-01-07T07:07:24Z" finished-at="2020-01-07T07:07:28Z">
          <reporter-output>
          </reporter-output>
        </test-method> <!-- killAllConnections -->
        <test-method status="PASS" signature="beforeMethod(java.lang.reflect.Method)[pri:0, instance:com.appium.testscripts.TC001_HomePageTest@67205a84]" name="beforeMethod" is-config="true" duration-ms="12" started-at="2020-01-07T07:07:29Z" finished-at="2020-01-07T07:07:29Z">
          <params>
            <param index="0">
              <value>
                <![CDATA[public void com.appium.testscripts.TC001_HomePageTest.launchAppium()]]>
              </value>
            </param>
          </params>
          <reporter-output>
          </reporter-output>
        </test-method> <!-- beforeMethod -->
        <test-method status="PASS" signature="appLaunch()[pri:0, instance:com.appium.testscripts.TC001_HomePageTest@67205a84]" name="appLaunch" is-config="true" duration-ms="131923" started-at="2020-01-07T07:07:29Z" finished-at="2020-01-07T07:09:41Z">
          <reporter-output>
          </reporter-output>
        </test-method> <!-- appLaunch -->
        <test-method status="PASS" signature="launchAppium()[pri:0, instance:com.appium.testscripts.TC001_HomePageTest@67205a84]" name="launchAppium" duration-ms="4091" started-at="2020-01-07T07:09:41Z" finished-at="2020-01-07T07:09:45Z">
          <reporter-output>
            <line>
              <![CDATA[<a href='C:\Users\kandu\git\appium\appium\src\main\java\com\appium\successScreenshots\launchAppium_07_01_2020_07_09_45.png'> <img src='C:\Users\kandu\git\appium\appium\src\main\java\com\appium\successScreenshots\launchAppium_07_01_2020_07_09_45.png' height='100' width='100'/> </a>]]>
            </line>
          </reporter-output>
        </test-method> <!-- launchAppium -->
        <test-method status="PASS" signature="afterMethod(org.testng.ITestResult)[pri:0, instance:com.appium.testscripts.TC001_HomePageTest@67205a84]" name="afterMethod" is-config="true" duration-ms="454" started-at="2020-01-07T07:09:48Z" finished-at="2020-01-07T07:09:49Z">
          <params>
            <param index="0">
              <value>
                <![CDATA[[TestResult name=launchAppium status=SUCCESS method=TC001_HomePageTest.launchAppium()[pri:0, instance:com.appium.testscripts.TC001_HomePageTest@67205a84] output=<a href='C:\Users\kandu\git\appium\appium\src\main\java\com\appium\successScreenshots\launchAppium_07_01_2020_07_09_45.png'> <img src='C:\Users\kandu\git\appium\appium\src\main\java\com\appium\successScreenshots\launchAppium_07_01_2020_07_09_45.png' height='100' width='100'/> </a>]]]>
              </value>
            </param>
          </params>
          <reporter-output>
            <line>
              <![CDATA[<a href='C:\Users\kandu\git\appium\appium\src\main\java\com\appium\screenshots\launchAppium_07_01_2020_07_09_48.png'> <img src='C:\Users\kandu\git\appium\appium\src\main\java\com\appium\screenshots\launchAppium_07_01_2020_07_09_48.png' height='100' width='100'/> </a>]]>
            </line>
          </reporter-output>
        </test-method> <!-- afterMethod -->
        <test-method status="PASS" signature="beforeMethod(java.lang.reflect.Method)[pri:0, instance:com.appium.testscripts.TC001_HomePageTest@67205a84]" name="beforeMethod" is-config="true" duration-ms="0" started-at="2020-01-07T07:09:49Z" finished-at="2020-01-07T07:09:49Z">
          <params>
            <param index="0">
              <value>
                <![CDATA[public void com.appium.testscripts.TC001_HomePageTest.sampleOperation()]]>
              </value>
            </param>
          </params>
          <reporter-output>
          </reporter-output>
        </test-method> <!-- beforeMethod -->
        <test-method status="PASS" signature="appLaunch()[pri:0, instance:com.appium.testscripts.TC001_HomePageTest@67205a84]" name="appLaunch" is-config="true" duration-ms="41650" started-at="2020-01-07T07:09:49Z" finished-at="2020-01-07T07:10:31Z">
          <reporter-output>
          </reporter-output>
        </test-method> <!-- appLaunch -->
        <test-method status="PASS" signature="sampleOperation()[pri:0, instance:com.appium.testscripts.TC001_HomePageTest@67205a84]" name="sampleOperation" duration-ms="1974" started-at="2020-01-07T07:10:31Z" finished-at="2020-01-07T07:10:33Z">
          <reporter-output>
            <line>
              <![CDATA[<a href='C:\Users\kandu\git\appium\appium\src\main\java\com\appium\successScreenshots\sampleOperation_07_01_2020_07_10_33.png'> <img src='C:\Users\kandu\git\appium\appium\src\main\java\com\appium\successScreenshots\sampleOperation_07_01_2020_07_10_33.png' height='100' width='100'/> </a>]]>
            </line>
          </reporter-output>
        </test-method> <!-- sampleOperation -->
        <test-method status="PASS" signature="afterMethod(org.testng.ITestResult)[pri:0, instance:com.appium.testscripts.TC001_HomePageTest@67205a84]" name="afterMethod" is-config="true" duration-ms="541" started-at="2020-01-07T07:10:33Z" finished-at="2020-01-07T07:10:34Z">
          <params>
            <param index="0">
              <value>
                <![CDATA[[TestResult name=sampleOperation status=SUCCESS method=TC001_HomePageTest.sampleOperation()[pri:0, instance:com.appium.testscripts.TC001_HomePageTest@67205a84] output=<a href='C:\Users\kandu\git\appium\appium\src\main\java\com\appium\successScreenshots\sampleOperation_07_01_2020_07_10_33.png'> <img src='C:\Users\kandu\git\appium\appium\src\main\java\com\appium\successScreenshots\sampleOperation_07_01_2020_07_10_33.png' height='100' width='100'/> </a>]]]>
              </value>
            </param>
          </params>
          <reporter-output>
            <line>
              <![CDATA[<a href='C:\Users\kandu\git\appium\appium\src\main\java\com\appium\screenshots\sampleOperation_07_01_2020_07_10_33.png'> <img src='C:\Users\kandu\git\appium\appium\src\main\java\com\appium\screenshots\sampleOperation_07_01_2020_07_10_33.png' height='100' width='100'/> </a>]]>
            </line>
          </reporter-output>
        </test-method> <!-- afterMethod -->
        <test-method status="PASS" signature="endTest()[pri:0, instance:com.appium.testscripts.TC001_HomePageTest@67205a84]" name="endTest" is-config="true" duration-ms="3615" started-at="2020-01-07T07:10:34Z" finished-at="2020-01-07T07:10:38Z">
          <reporter-output>
          </reporter-output>
        </test-method> <!-- endTest -->
      </class> <!-- com.appium.testscripts.TC001_HomePageTest -->
    </test> <!-- Test -->
  </suite> <!-- Suite -->
</testng-results>
